<?xml version="1.0" encoding="UTF-8"?>
<!-- Generated by org.testng.reporters.JUnitReportReporter -->
<testsuite hostname="DESKTOP-IF6FI3L" failures="0" tests="1" name="Selenium.Programs" time="78.208" errors="0" timestamp="2024-10-17T16:49:45 IST" skipped="0">
  <testcase classname="Selenium.Programs" name="test1" time="78.208"/>
</testsuite> <!-- Selenium.Programs -->
